<?xml version="1.0" encoding="UTF-8"?>
<testsuite name="tests.pearlpc.PEARLPCTests-20210728092854" tests="1" file="tests/pearlpc.py" time="0.508" timestamp="2021-07-28T09:29:08" failures="0" errors="0" skipped="0">
	<testcase classname="tests.pearlpc.PEARLPCTests" name="test_WHEN_pressure_set_THEN_pressure_readback_correctly" time="0.508" timestamp="2021-07-28T09:29:08" file="tests\pearlpc.py" line="36"/>
</testsuite>
